TN:
SF:/home/monicaholliday/jsShooter/spec/tests/appSpec.js
FN:3,(anonymous_0)
FN:7,(anonymous_1)
FN:18,(anonymous_2)
FN:24,(anonymous_3)
FN:33,(anonymous_4)
FN:37,(anonymous_5)
FN:49,(anonymous_6)
FN:55,(anonymous_7)
FN:65,(anonymous_8)
FN:69,(anonymous_9)
FN:82,(anonymous_10)
FN:88,(anonymous_11)
FN:97,(anonymous_12)
FN:101,(anonymous_13)
FN:130,(anonymous_14)
FN:136,(anonymous_15)
FN:166,(anonymous_16)
FNF:17
FNH:17
FNDA:1,(anonymous_0)
FNDA:1,(anonymous_1)
FNDA:1,(anonymous_2)
FNDA:1,(anonymous_3)
FNDA:1,(anonymous_4)
FNDA:1,(anonymous_5)
FNDA:1,(anonymous_6)
FNDA:1,(anonymous_7)
FNDA:1,(anonymous_8)
FNDA:1,(anonymous_9)
FNDA:1,(anonymous_10)
FNDA:1,(anonymous_11)
FNDA:1,(anonymous_12)
FNDA:1,(anonymous_13)
FNDA:1,(anonymous_14)
FNDA:1,(anonymous_15)
FNDA:1,(anonymous_16)
DA:1,1
DA:3,1
DA:5,1
DA:7,1
DA:8,1
DA:18,1
DA:19,1
DA:24,1
DA:25,1
DA:26,1
DA:33,1
DA:35,1
DA:37,1
DA:38,1
DA:49,1
DA:50,1
DA:55,1
DA:56,1
DA:57,1
DA:65,1
DA:67,1
DA:69,1
DA:70,1
DA:82,1
DA:83,1
DA:88,1
DA:89,1
DA:90,1
DA:97,1
DA:99,1
DA:101,1
DA:102,1
DA:130,1
DA:131,1
DA:136,1
DA:137,1
DA:138,1
DA:166,1
DA:167,1
DA:168,1
LF:40
LH:40
BRF:0
BRH:0
end_of_record
